12:38:20.517 INFO - Launching a standalone Selenium Server
12:38:20.674 INFO - Java: Oracle Corporation 25.121-b13
12:38:20.674 INFO - OS: Mac OS X 10.12.3 x86_64
12:38:20.725 INFO - v2.53.0, with Core v2.53.0. Built from revision 35ae25b
12:38:20.949 INFO - Driver provider org.openqa.selenium.ie.InternetExplorerDriver registration is skipped:
registration capabilities Capabilities [{ensureCleanSession=true, browserName=internet explorer, version=, platform=WINDOWS}] does not match the current platform MAC
12:38:20.950 INFO - Driver provider org.openqa.selenium.edge.EdgeDriver registration is skipped:
registration capabilities Capabilities [{browserName=MicrosoftEdge, version=, platform=WINDOWS}] does not match the current platform MAC
12:38:20.950 INFO - Driver class not found: com.opera.core.systems.OperaDriver
12:38:20.950 INFO - Driver provider com.opera.core.systems.OperaDriver is not registered
12:38:20.967 INFO - Driver class not found: org.openqa.selenium.htmlunit.HtmlUnitDriver
12:38:20.967 INFO - Driver provider org.openqa.selenium.htmlunit.HtmlUnitDriver is not registered
12:38:21.166 INFO - RemoteWebDriver instances should connect to: http://127.0.0.1:4444/wd/hub
12:38:21.166 INFO - Selenium Server is up and running
12:38:22.549 INFO - Executing: [new session: Capabilities [{acceptSslCerts=true, name=Sample Test, browserName=chrome, javascriptEnabled=true, platform=ANY}]])
12:38:22.580 INFO - Creating a new session for Capabilities [{acceptSslCerts=true, name=Sample Test, browserName=chrome, javascriptEnabled=true, platform=ANY}]
Starting ChromeDriver 2.29.461585 (0be2cd95f834e9ee7c46bcc7cf405b483f5ae83b) on port 43274
Only local connections are allowed.
12:38:26.643 INFO - Done: [new session: Capabilities [{acceptSslCerts=true, name=Sample Test, browserName=chrome, javascriptEnabled=true, platform=ANY}]]
12:38:26.663 INFO - Executing: [get: http://localhost:3000/])
12:38:28.481 INFO - Done: [get: http://localhost:3000/]
12:38:28.507 INFO - Executing: [find elements: By.cssSelector: body])
12:38:28.592 INFO - Done: [find elements: By.cssSelector: body]
12:38:28.601 INFO - Executing: [is displayed: 0 [[ChromeDriver: chrome on MAC (88fad62ae245d90318d98a156a606e04)] -> css selector: body]])
12:38:28.652 INFO - Done: [is displayed: 0 [[ChromeDriver: chrome on MAC (88fad62ae245d90318d98a156a606e04)] -> css selector: body]]
12:38:28.661 INFO - Executing: [get title])
12:38:28.674 INFO - Done: [get title]
12:38:28.687 INFO - Executing: [find element: By.cssSelector: .navbar-brand])
12:38:28.767 INFO - Done: [find element: By.cssSelector: .navbar-brand]
12:38:28.772 INFO - Executing: [get text: 1 [[ChromeDriver: chrome on MAC (88fad62ae245d90318d98a156a606e04)] -> css selector: .navbar-brand]])
12:38:28.809 INFO - Done: [get text: 1 [[ChromeDriver: chrome on MAC (88fad62ae245d90318d98a156a606e04)] -> css selector: .navbar-brand]]
12:38:28.816 INFO - Executing: [find element: By.cssSelector: input[placeholder=Search]])
12:38:28.860 INFO - Done: [find element: By.cssSelector: input[placeholder=Search]]
12:38:28.864 INFO - Executing: [is displayed: 2 [[ChromeDriver: chrome on MAC (88fad62ae245d90318d98a156a606e04)] -> css selector: input[placeholder=Search]]])
12:38:28.911 INFO - Done: [is displayed: 2 [[ChromeDriver: chrome on MAC (88fad62ae245d90318d98a156a606e04)] -> css selector: input[placeholder=Search]]]
12:38:28.918 INFO - Executing: [take screenshot])
12:38:29.584 INFO - Done: [take screenshot]
12:38:29.610 INFO - Executing: [delete session: 9b4cdd5b-d120-42ec-bdc8-ac4dae408677])
12:38:30.057 INFO - Done: [delete session: 9b4cdd5b-d120-42ec-bdc8-ac4dae408677]
12:38:30.098 INFO - Executing: [new session: Capabilities [{acceptSslCerts=true, name=Sample Test, browserName=chrome, javascriptEnabled=true, platform=ANY}]])
12:38:30.102 INFO - Creating a new session for Capabilities [{acceptSslCerts=true, name=Sample Test, browserName=chrome, javascriptEnabled=true, platform=ANY}]
Starting ChromeDriver 2.29.461585 (0be2cd95f834e9ee7c46bcc7cf405b483f5ae83b) on port 7176
Only local connections are allowed.
12:38:31.426 INFO - Done: [new session: Capabilities [{acceptSslCerts=true, name=Sample Test, browserName=chrome, javascriptEnabled=true, platform=ANY}]]
12:38:31.435 INFO - Executing: [get: http://localhost:3000/login])
12:38:34.326 INFO - Done: [get: http://localhost:3000/login]
12:38:34.337 INFO - Executing: [find elements: By.cssSelector: body])
12:38:34.540 INFO - Done: [find elements: By.cssSelector: body]
12:38:34.547 INFO - Executing: [is displayed: 0 [[ChromeDriver: chrome on MAC (4a6be57a46d89f4c6289b396ea3b6b63)] -> css selector: body]])
12:38:34.623 INFO - Done: [is displayed: 0 [[ChromeDriver: chrome on MAC (4a6be57a46d89f4c6289b396ea3b6b63)] -> css selector: body]]
12:38:34.632 INFO - Executing: [find element: By.cssSelector: input[name=password]])
12:38:34.701 INFO - Done: [find element: By.cssSelector: input[name=password]]
12:38:34.710 INFO - Executing: [is displayed: 1 [[ChromeDriver: chrome on MAC (4a6be57a46d89f4c6289b396ea3b6b63)] -> css selector: input[name=password]]])
12:38:34.764 INFO - Done: [is displayed: 1 [[ChromeDriver: chrome on MAC (4a6be57a46d89f4c6289b396ea3b6b63)] -> css selector: input[name=password]]]
12:38:34.772 INFO - Executing: [find element: By.cssSelector: input[name=email]])
12:38:34.837 INFO - Done: [find element: By.cssSelector: input[name=email]]
12:38:34.842 INFO - Executing: [is displayed: 2 [[ChromeDriver: chrome on MAC (4a6be57a46d89f4c6289b396ea3b6b63)] -> css selector: input[name=email]]])
12:38:34.887 INFO - Done: [is displayed: 2 [[ChromeDriver: chrome on MAC (4a6be57a46d89f4c6289b396ea3b6b63)] -> css selector: input[name=email]]]
12:38:34.896 INFO - Executing: [find element: By.cssSelector: input[name=email]])
12:38:34.909 INFO - Done: [find element: By.cssSelector: input[name=email]]
12:38:34.918 INFO - Executing: [send keys: 2 [[ChromeDriver: chrome on MAC (4a6be57a46d89f4c6289b396ea3b6b63)] -> css selector: input[name=email]], [o, l, a, w, a, l, e, q, u, e, s, t, @, g, m, a, i, l, ., c, o, m]])
12:38:36.102 INFO - Done: [send keys: 2 [[ChromeDriver: chrome on MAC (4a6be57a46d89f4c6289b396ea3b6b63)] -> css selector: input[name=email]], [o, l, a, w, a, l, e, q, u, e, s, t, @, g, m, a, i, l, ., c, o, m]]
12:38:36.112 INFO - Executing: [find element: By.cssSelector: input[name=password]])
12:38:36.132 INFO - Done: [find element: By.cssSelector: input[name=password]]
12:38:36.139 INFO - Executing: [send keys: 1 [[ChromeDriver: chrome on MAC (4a6be57a46d89f4c6289b396ea3b6b63)] -> css selector: input[name=password]], [p, a, s, s, w, o, r, d]])
12:38:36.331 INFO - Done: [send keys: 1 [[ChromeDriver: chrome on MAC (4a6be57a46d89f4c6289b396ea3b6b63)] -> css selector: input[name=password]], [p, a, s, s, w, o, r, d]]
12:38:36.336 INFO - Executing: [find elements: By.cssSelector: body])
12:38:36.400 INFO - Done: [find elements: By.cssSelector: body]
12:38:36.411 INFO - Executing: [is displayed: 0 [[ChromeDriver: chrome on MAC (4a6be57a46d89f4c6289b396ea3b6b63)] -> css selector: body]])
12:38:36.452 INFO - Done: [is displayed: 0 [[ChromeDriver: chrome on MAC (4a6be57a46d89f4c6289b396ea3b6b63)] -> css selector: body]]
12:38:36.460 INFO - Executing: [find element: By.cssSelector: .form-group .btn])
12:38:36.509 INFO - Done: [find element: By.cssSelector: .form-group .btn]
12:38:36.515 INFO - Executing: [submit: 3 [[ChromeDriver: chrome on MAC (4a6be57a46d89f4c6289b396ea3b6b63)] -> css selector: .form-group .btn]])
12:38:36.563 INFO - Done: [submit: 3 [[ChromeDriver: chrome on MAC (4a6be57a46d89f4c6289b396ea3b6b63)] -> css selector: .form-group .btn]]
12:38:41.578 INFO - Executing: [find element: By.cssSelector: .alert .alert-success])
12:38:53.055 WARN - Exception thrown
org.openqa.selenium.NoSuchElementException: no such element: Unable to locate element: {"method":"css selector","selector":".alert .alert-success"}
  (Session info: chrome=57.0.2987.133)
  (Driver info: chromedriver=2.29.461585 (0be2cd95f834e9ee7c46bcc7cf405b483f5ae83b),platform=Mac OS X 10.12.3 x86_64) (WARNING: The server did not provide any stacktrace information)
Command duration or timeout: 56 milliseconds
For documentation on this error, please visit: http://seleniumhq.org/exceptions/no_such_element.html
Build info: version: '2.53.0', revision: '35ae25b', time: '2016-03-15 17:00:58'
System info: host: 'olawalequest.local', ip: '192.168.100.84', os.name: 'Mac OS X', os.arch: 'x86_64', os.version: '10.12.3', java.version: '1.8.0_121'
Driver info: org.openqa.selenium.chrome.ChromeDriver
Capabilities [{applicationCacheEnabled=false, rotatable=false, mobileEmulationEnabled=false, networkConnectionEnabled=false, chrome={chromedriverVersion=2.29.461585 (0be2cd95f834e9ee7c46bcc7cf405b483f5ae83b), userDataDir=/var/folders/9f/lll37ny943s_x2f4qpnkg72c0000gn/T/.org.chromium.Chromium.Cinto8}, takesHeapSnapshot=true, pageLoadStrategy=normal, databaseEnabled=false, handlesAlerts=true, hasTouchScreen=false, version=57.0.2987.133, platform=MAC, browserConnectionEnabled=false, nativeEvents=true, acceptSslCerts=true, locationContextEnabled=true, webStorageEnabled=true, browserName=chrome, takesScreenshot=true, javascriptEnabled=true, cssSelectorsEnabled=true, unexpectedAlertBehaviour=}]
Session ID: 4a6be57a46d89f4c6289b396ea3b6b63
*** Element info: {Using=css selector, value=.alert .alert-success}
	at sun.reflect.NativeConstructorAccessorImpl.newInstance0(Native Method)
	at sun.reflect.NativeConstructorAccessorImpl.newInstance(NativeConstructorAccessorImpl.java:62)
	at sun.reflect.DelegatingConstructorAccessorImpl.newInstance(DelegatingConstructorAccessorImpl.java:45)
	at java.lang.reflect.Constructor.newInstance(Constructor.java:423)
	at org.openqa.selenium.remote.ErrorHandler.createThrowable(ErrorHandler.java:206)
	at org.openqa.selenium.remote.ErrorHandler.throwIfResponseFailed(ErrorHandler.java:158)
	at org.openqa.selenium.remote.RemoteWebDriver.execute(RemoteWebDriver.java:678)
	at org.openqa.selenium.remote.RemoteWebDriver.findElement(RemoteWebDriver.java:363)
	at org.openqa.selenium.remote.RemoteWebDriver.findElementByCssSelector(RemoteWebDriver.java:492)
	at org.openqa.selenium.By$ByCssSelector.findElement(By.java:430)
	at org.openqa.selenium.remote.RemoteWebDriver.findElement(RemoteWebDriver.java:355)
	at sun.reflect.NativeMethodAccessorImpl.invoke0(Native Method)
	at sun.reflect.NativeMethodAccessorImpl.invoke(NativeMethodAccessorImpl.java:62)
	at sun.reflect.DelegatingMethodAccessorImpl.invoke(DelegatingMethodAccessorImpl.java:43)
	at java.lang.reflect.Method.invoke(Method.java:498)
	at org.openqa.selenium.support.events.EventFiringWebDriver$2.invoke(EventFiringWebDriver.java:103)
	at com.sun.proxy.$Proxy1.findElement(Unknown Source)
	at org.openqa.selenium.support.events.EventFiringWebDriver.findElement(EventFiringWebDriver.java:188)
	at org.openqa.selenium.remote.server.handler.FindElement.call(FindElement.java:48)
	at org.openqa.selenium.remote.server.handler.FindElement.call(FindElement.java:1)
	at java.util.concurrent.FutureTask.run(FutureTask.java:266)
	at org.openqa.selenium.remote.server.DefaultSession$1.run(DefaultSession.java:176)
	at java.util.concurrent.ThreadPoolExecutor.runWorker(ThreadPoolExecutor.java:1142)
	at java.util.concurrent.ThreadPoolExecutor$Worker.run(ThreadPoolExecutor.java:617)
	at java.lang.Thread.run(Thread.java:745)
12:39:13.079 WARN - Exception: no such element: Unable to locate element: {"method":"css selector","selector":".alert .alert-success"}
  (Session info: chrome=57.0.2987.133)
  (Driver info: chromedriver=2.29.461585 (0be2cd95f834e9ee7c46bcc7cf405b483f5ae83b),platform=Mac OS X 10.12.3 x86_64) (WARNING: The server did not provide any stacktrace information)
Command duration or timeout: 56 milliseconds
For documentation on this error, please visit: http://seleniumhq.org/exceptions/no_such_element.html
Build info: version: '2.53.0', revision: '35ae25b', time: '2016-03-15 17:00:58'
System info: host: 'olawalequest.local', ip: '192.168.100.84', os.name: 'Mac OS X', os.arch: 'x86_64', os.version: '10.12.3', java.version: '1.8.0_121'
Driver info: org.openqa.selenium.chrome.ChromeDriver
Capabilities [{applicationCacheEnabled=false, rotatable=false, mobileEmulationEnabled=false, networkConnectionEnabled=false, chrome={chromedriverVersion=2.29.461585 (0be2cd95f834e9ee7c46bcc7cf405b483f5ae83b), userDataDir=/var/folders/9f/lll37ny943s_x2f4qpnkg72c0000gn/T/.org.chromium.Chromium.Cinto8}, takesHeapSnapshot=true, pageLoadStrategy=normal, databaseEnabled=false, handlesAlerts=true, hasTouchScreen=false, version=57.0.2987.133, platform=MAC, browserConnectionEnabled=false, nativeEvents=true, acceptSslCerts=true, locationContextEnabled=true, webStorageEnabled=true, browserName=chrome, takesScreenshot=true, javascriptEnabled=true, cssSelectorsEnabled=true, unexpectedAlertBehaviour=}]
Session ID: 4a6be57a46d89f4c6289b396ea3b6b63
*** Element info: {Using=css selector, value=.alert .alert-success}
12:39:41.587 INFO - Executing: [delete session: 1e4cae45-70ae-4a62-8e27-b5c8f69a517a])
12:39:41.864 INFO - Done: [delete session: 1e4cae45-70ae-4a62-8e27-b5c8f69a517a]
